2025-05-24 17:41:15 -  - exec CUpdateClientPartner::SearchModulesEx
2025-05-24 17:41:15 -  - exec CUpdateClientPartner::__CollectRequestData
2025-05-24 17:41:15 -  - utf=Y&lang=ru&stable=Y&CANGZIP=Y&SUPD_DBS=MYSQL&XE=N&CLIENT_SITE=task.local&LICENSE_KEY=X&SUPD_STS=1&SUPD_URS=0&TYPENC=D&CLIENT_PHPVER=8.4.1&NGINX=Y&dbv=8.4.4&instm=main%2C25.100.300%2CY%3Babtest%2C24.100.0%2CN%3Badvertising%2C24.100.0%2CN%3Bb24connector%2C24.0.0%2CN%3Bbitrix.eshop%2C24.100.0%2CN%3Bbitrix.sitecorporate%2C24.0.0%2CN%3Bbitrixcloud%2C24.100.0%2CN%3Bbizproc%2C24.900.0%2CN%3Bbizprocdesigner%2C24.700.0%2CN%3Bblog%2C24.300.0%2CN%3Bcalendar%2C24.450.100%2CN%3Bcatalog%2C24.400.100%2CN%3Bclouds%2C25.0.0%2CN%3Bconversion%2C24.0.0%2CN%3Bcurrency%2C24.100.0%2CN%3Bfileman%2C24.500.0%2CN%3Bform%2C24.0.0%2CN%3Bforum%2C25.100.0%2CN%3Bhighloadblock%2C24.100.0%2CN%3Biblock%2C24.300.0%2CN%3Bidea%2C24.100.0%2CN%3Bim%2C25.0.100%2CN%3Blanding%2C24.800.0%2CN%3Blearning%2C24.300.0%2CN%3Blists%2C25.0.0%2CN%3Blocation%2C25.0.0%2CN%3Bmail%2C24.800.300%2CN%3Bmessageservice%2C24.900.0%2CN%3Bmobileapp%2C24.200.0%2CN%3Bperfmon%2C24.200.0%2CN%3Bphotogallery%2C25.0.0%2CN%3Bpull%2C25.0.50%2CN%3Breport%2C24.100.0%2CN%3Brest%2C25.100.200%2CN%3Bsale%2C24.300.0%2CN%3Bsearch%2C25.0.0%2CN%3Bsecurity%2C24.0.100%2CN%3Bsender%2C24.300.100%2CN%3Bseo%2C24.600.100%2CN%3Bsocialnetwork%2C24.375.300%2CN%3Bsocialservices%2C24.100.100%2CN%3Bstatistic%2C24.100.0%2CN%3Bstoreassist%2C24.0.0%2CN%3Bsubscribe%2C24.0.0%2CN%3Bsupport%2C24.100.0%2CN%3Btranslate%2C24.100.0%2CN%3Bui%2C25.0.0%2CN%3Bvote%2C24.0.100%2CN%3Bwebservice%2C24.100.0%2CN%3Bwiki%2C24.100.0%2CN%3Bworkflow%2C24.100.0%2CN&search_module_id=&search_module=&search_category=7%2C14&search_type=&search_order=DESC&search_order_by=SORT&search_page=1&SUPD_SRS=RU&SUPD_CMP=N
2025-05-24 17:41:15 -  - exec CUpdateClientPartner::GetHTTPPage
2025-05-24 17:41:18 -  - TIME SearchModulesEx(request) 2.754 sec
2025-05-24 17:41:18 -  - exec CUpdateClientPartner::ParseServerData
2025-05-24 17:41:45 -  - exec CUpdateClientPartner::LoadModulesUpdates
2025-05-24 17:41:45 -  - exec CUpdateClientPartner::__CollectRequestData
2025-05-24 17:41:45 -  - utf=Y&lang=ru&stable=Y&CANGZIP=Y&SUPD_DBS=MYSQL&XE=N&CLIENT_SITE=task.local&LICENSE_KEY=X&SUPD_STS=1&SUPD_URS=0&TYPENC=D&CLIENT_PHPVER=8.4.1&NGINX=Y&dbv=8.4.4&instm=main%2C25.100.300%2CY%3Babtest%2C24.100.0%2CN%3Badvertising%2C24.100.0%2CN%3Bb24connector%2C24.0.0%2CN%3Bbitrix.eshop%2C24.100.0%2CN%3Bbitrix.sitecorporate%2C24.0.0%2CN%3Bbitrixcloud%2C24.100.0%2CN%3Bbizproc%2C24.900.0%2CN%3Bbizprocdesigner%2C24.700.0%2CN%3Bblog%2C24.300.0%2CN%3Bcalendar%2C24.450.100%2CN%3Bcatalog%2C24.400.100%2CN%3Bclouds%2C25.0.0%2CN%3Bconversion%2C24.0.0%2CN%3Bcurrency%2C24.100.0%2CN%3Bfileman%2C24.500.0%2CN%3Bform%2C24.0.0%2CN%3Bforum%2C25.100.0%2CN%3Bhighloadblock%2C24.100.0%2CN%3Biblock%2C24.300.0%2CN%3Bidea%2C24.100.0%2CN%3Bim%2C25.0.100%2CN%3Blanding%2C24.800.0%2CN%3Blearning%2C24.300.0%2CN%3Blists%2C25.0.0%2CN%3Blocation%2C25.0.0%2CN%3Bmail%2C24.800.300%2CN%3Bmessageservice%2C24.900.0%2CN%3Bmobileapp%2C24.200.0%2CN%3Bperfmon%2C24.200.0%2CN%3Bphotogallery%2C25.0.0%2CN%3Bpull%2C25.0.50%2CN%3Breport%2C24.100.0%2CN%3Brest%2C25.100.200%2CN%3Bsale%2C24.300.0%2CN%3Bsearch%2C25.0.0%2CN%3Bsecurity%2C24.0.100%2CN%3Bsender%2C24.300.100%2CN%3Bseo%2C24.600.100%2CN%3Bsocialnetwork%2C24.375.300%2CN%3Bsocialservices%2C24.100.100%2CN%3Bstatistic%2C24.100.0%2CN%3Bstoreassist%2C24.0.0%2CN%3Bsubscribe%2C24.0.0%2CN%3Bsupport%2C24.100.0%2CN%3Btranslate%2C24.100.0%2CN%3Bui%2C25.0.0%2CN%3Bvote%2C24.0.100%2CN%3Bwebservice%2C24.100.0%2CN%3Bwiki%2C24.100.0%2CN%3Bworkflow%2C24.100.0%2CN&reqm=nsandrey.emptyinstall&lim=Y&SUPD_SRS=RU&SUPD_CMP=N
2025-05-24 17:41:45 -  - exec CUpdateClientPartner::GetHTTPPage
2025-05-24 17:41:45 -  - TIME LoadModulesUpdates(request) 0.343 sec
2025-05-24 17:41:45 -  - exec CUpdateClientPartner::ParseServerData
2025-05-24 17:41:45 - S - STEP
2025-05-24 17:41:45 - LM4W01 - loadModule4Wizard-Step
2025-05-24 17:41:46 -  - exec CUpdateClientPartner::LoadModulesUpdates
2025-05-24 17:41:46 -  - exec CUpdateClientPartner::ParseServerData
2025-05-24 17:41:46 -  - loadFile
2025-05-24 17:41:46 - U - RETURN
2025-05-24 17:41:46 -  - exec CUpdateClientPartner::UnGzipArchive
2025-05-24 17:41:46 -  - TIME UnGzipArchive 0.213 sec
2025-05-24 17:41:46 -  - TIME UpdateStepModules 0.098 sec
2025-05-24 17:41:47 -  - exec CUpdateClientPartner::LoadModulesUpdates
2025-05-24 17:41:47 -  - exec CUpdateClientPartner::__CollectRequestData
2025-05-24 17:41:47 -  - utf=Y&lang=ru&stable=Y&CANGZIP=Y&SUPD_DBS=MYSQL&XE=N&CLIENT_SITE=task.local&LICENSE_KEY=X&SUPD_STS=1&SUPD_URS=0&TYPENC=D&CLIENT_PHPVER=8.4.1&NGINX=Y&dbv=8.4.4&instm=main%2C25.100.300%2CY%3Babtest%2C24.100.0%2CN%3Badvertising%2C24.100.0%2CN%3Bb24connector%2C24.0.0%2CN%3Bbitrix.eshop%2C24.100.0%2CN%3Bbitrix.sitecorporate%2C24.0.0%2CN%3Bbitrixcloud%2C24.100.0%2CN%3Bbizproc%2C24.900.0%2CN%3Bbizprocdesigner%2C24.700.0%2CN%3Bblog%2C24.300.0%2CN%3Bcalendar%2C24.450.100%2CN%3Bcatalog%2C24.400.100%2CN%3Bclouds%2C25.0.0%2CN%3Bconversion%2C24.0.0%2CN%3Bcurrency%2C24.100.0%2CN%3Bfileman%2C24.500.0%2CN%3Bform%2C24.0.0%2CN%3Bforum%2C25.100.0%2CN%3Bhighloadblock%2C24.100.0%2CN%3Biblock%2C24.300.0%2CN%3Bidea%2C24.100.0%2CN%3Bim%2C25.0.100%2CN%3Blanding%2C24.800.0%2CN%3Blearning%2C24.300.0%2CN%3Blists%2C25.0.0%2CN%3Blocation%2C25.0.0%2CN%3Bmail%2C24.800.300%2CN%3Bmessageservice%2C24.900.0%2CN%3Bmobileapp%2C24.200.0%2CN%3Bnsandrey.emptyinstall%2C1.0.5%2CN%3Bperfmon%2C24.200.0%2CN%3Bphotogallery%2C25.0.0%2CN%3Bpull%2C25.0.50%2CN%3Breport%2C24.100.0%2CN%3Brest%2C25.100.200%2CN%3Bsale%2C24.300.0%2CN%3Bsearch%2C25.0.0%2CN%3Bsecurity%2C24.0.100%2CN%3Bsender%2C24.300.100%2CN%3Bseo%2C24.600.100%2CN%3Bsocialnetwork%2C24.375.300%2CN%3Bsocialservices%2C24.100.100%2CN%3Bstatistic%2C24.100.0%2CN%3Bstoreassist%2C24.0.0%2CN%3Bsubscribe%2C24.0.0%2CN%3Bsupport%2C24.100.0%2CN%3Btranslate%2C24.100.0%2CN%3Bui%2C25.0.0%2CN%3Bvote%2C24.0.100%2CN%3Bwebservice%2C24.100.0%2CN%3Bwiki%2C24.100.0%2CN%3Bworkflow%2C24.100.0%2CN&reqm=nsandrey.emptyinstall&lim=Y&SUPD_SRS=RU&SUPD_CMP=N
2025-05-24 17:41:47 -  - exec CUpdateClientPartner::GetHTTPPage
2025-05-24 17:41:47 -  - TIME LoadModulesUpdates(request) 0.374 sec
2025-05-24 17:41:47 -  - exec CUpdateClientPartner::ParseServerData
2025-05-24 17:41:47 - STEP - Finish - NOUPDATES
2025-05-24 17:41:47 - LM4W03 - Finish - NOUPDATES
2025-05-24 17:43:39 -  - exec CUpdateClientPartner::__CollectRequestData
2025-05-24 17:43:39 -  - exec CUpdateClientPartner::GetHTTPPage
2025-05-24 17:43:40 -  - exec CUpdateClientPartner::ParseServerData
2025-05-24 17:43:40 -  - exec CUpdateClientPartner::GetUpdatesList
2025-05-24 17:43:40 -  - exec CUpdateClientPartner::__CollectRequestData
2025-05-24 17:43:40 -  - utf=Y&lang=ru&stable=Y&CANGZIP=Y&SUPD_DBS=MYSQL&XE=N&CLIENT_SITE=task.local&LICENSE_KEY=X&SUPD_STS=1&SUPD_URS=0&TYPENC=D&CLIENT_PHPVER=8.4.1&NGINX=Y&dbv=8.4.4&instm=main%2C25.100.300%2CY%3Babtest%2C24.100.0%2CN%3Badvertising%2C24.100.0%2CN%3Bb24connector%2C24.0.0%2CN%3Bbitrix.eshop%2C24.100.0%2CN%3Bbitrix.sitecorporate%2C24.0.0%2CN%3Bbitrixcloud%2C24.100.0%2CN%3Bbizproc%2C24.900.0%2CN%3Bbizprocdesigner%2C24.700.0%2CN%3Bblog%2C24.300.0%2CN%3Bcalendar%2C24.450.100%2CN%3Bcatalog%2C24.400.100%2CN%3Bclouds%2C25.0.0%2CN%3Bconversion%2C24.0.0%2CN%3Bcurrency%2C24.100.0%2CN%3Bfileman%2C24.500.0%2CN%3Bform%2C24.0.0%2CN%3Bforum%2C25.100.0%2CN%3Bhighloadblock%2C24.100.0%2CN%3Biblock%2C24.300.0%2CN%3Bidea%2C24.100.0%2CN%3Bim%2C25.0.100%2CN%3Blanding%2C24.800.0%2CN%3Blearning%2C24.300.0%2CN%3Blists%2C25.0.0%2CN%3Blocation%2C25.0.0%2CN%3Bmail%2C24.800.300%2CN%3Bmessageservice%2C24.900.0%2CN%3Bmobileapp%2C24.200.0%2CN%3Bnsandrey.emptyinstall%2C1.0.5%2CN%3Bperfmon%2C24.200.0%2CN%3Bphotogallery%2C25.0.0%2CN%3Bpull%2C25.0.50%2CN%3Breport%2C24.100.0%2CN%3Brest%2C25.100.200%2CN%3Bsale%2C24.300.0%2CN%3Bsearch%2C25.0.0%2CN%3Bsecurity%2C24.0.100%2CN%3Bsender%2C24.300.100%2CN%3Bseo%2C24.600.100%2CN%3Bsocialnetwork%2C24.375.300%2CN%3Bsocialservices%2C24.100.100%2CN%3Bstatistic%2C24.100.0%2CN%3Bstoreassist%2C24.0.0%2CN%3Bsubscribe%2C24.0.0%2CN%3Bsupport%2C24.100.0%2CN%3Btranslate%2C24.100.0%2CN%3Bui%2C25.0.0%2CN%3Bvote%2C24.0.100%2CN%3Bwebservice%2C24.100.0%2CN%3Bwiki%2C24.100.0%2CN%3Bworkflow%2C24.100.0%2CN&reqm=bitrix.eshop%2Cbitrix.sitecorporate%2Cnsandrey.emptyinstall&fullmoduleinfo=Y&SUPD_SRS=RU&SUPD_CMP=N
2025-05-24 17:43:40 -  - exec CUpdateClientPartner::GetHTTPPage
2025-05-24 17:43:40 -  - TIME GetUpdatesList(request) 0.295 sec
2025-05-24 17:43:40 -  - exec CUpdateClientPartner::ParseServerData
2025-05-24 17:43:40 -  - exec CUpdateClientPartner::__CollectRequestData
2025-05-24 17:43:40 -  - exec CUpdateClientPartner::GetHTTPPage
2025-05-24 17:43:40 -  - exec CUpdateClientPartner::ParseServerData
2025-05-25 18:17:57 -  - exec CUpdateClientPartner::__CollectRequestData
2025-05-25 18:17:57 -  - exec CUpdateClientPartner::GetHTTPPage
2025-05-25 18:17:57 -  - exec CUpdateClientPartner::ParseServerData
2025-05-25 18:17:57 -  - exec CUpdateClientPartner::GetUpdatesList
2025-05-25 18:17:57 -  - exec CUpdateClientPartner::__CollectRequestData
2025-05-25 18:17:57 -  - utf=Y&lang=ru&stable=Y&CANGZIP=Y&SUPD_DBS=MYSQL&XE=N&CLIENT_SITE=task.local&LICENSE_KEY=X&SUPD_STS=1&SUPD_URS=0&TYPENC=D&CLIENT_PHPVER=8.4.1&NGINX=Y&dbv=8.4.4&instm=main%2C25.100.300%2CY%3Babtest%2C24.100.0%2CN%3Badvertising%2C24.100.0%2CN%3Bb24connector%2C24.0.0%2CN%3Bbitrix.eshop%2C24.100.0%2CN%3Bbitrix.sitecorporate%2C24.0.0%2CN%3Bbitrixcloud%2C24.100.0%2CN%3Bbizproc%2C24.900.0%2CN%3Bbizprocdesigner%2C24.700.0%2CN%3Bblog%2C24.300.0%2CN%3Bcalendar%2C24.450.100%2CN%3Bcatalog%2C24.400.100%2CN%3Bclouds%2C25.0.0%2CN%3Bconversion%2C24.0.0%2CN%3Bcurrency%2C24.100.0%2CN%3Bfileman%2C24.500.0%2CN%3Bform%2C24.0.0%2CN%3Bforum%2C25.100.0%2CN%3Bhighloadblock%2C24.100.0%2CN%3Biblock%2C24.300.0%2CN%3Bidea%2C24.100.0%2CN%3Bim%2C25.0.100%2CN%3Blanding%2C24.800.0%2CN%3Blearning%2C24.300.0%2CN%3Blists%2C25.0.0%2CN%3Blocation%2C25.0.0%2CN%3Bmail%2C24.800.300%2CN%3Bmessageservice%2C24.900.0%2CN%3Bmobileapp%2C24.200.0%2CN%3Bnsandrey.emptyinstall%2C1.0.5%2CN%3Bperfmon%2C24.200.0%2CN%3Bphotogallery%2C25.0.0%2CN%3Bpull%2C25.0.50%2CN%3Breport%2C24.100.0%2CN%3Brest%2C25.100.200%2CN%3Bsale%2C24.300.0%2CN%3Bsearch%2C25.0.0%2CN%3Bsecurity%2C24.0.100%2CN%3Bsender%2C24.300.100%2CN%3Bseo%2C24.600.100%2CN%3Bsocialnetwork%2C24.375.300%2CN%3Bsocialservices%2C24.100.100%2CN%3Bstatistic%2C24.100.0%2CN%3Bstoreassist%2C24.0.0%2CN%3Bsubscribe%2C24.0.0%2CN%3Bsupport%2C24.100.0%2CN%3Btranslate%2C24.100.0%2CN%3Bui%2C25.0.0%2CN%3Bvote%2C24.0.100%2CN%3Bwebservice%2C24.100.0%2CN%3Bwiki%2C24.100.0%2CN%3Bworkflow%2C24.100.0%2CN&reqm=bitrix.eshop%2Cbitrix.sitecorporate%2Cnsandrey.emptyinstall&fullmoduleinfo=Y&SUPD_SRS=RU&SUPD_CMP=N
2025-05-25 18:17:57 -  - exec CUpdateClientPartner::GetHTTPPage
2025-05-25 18:17:57 -  - TIME GetUpdatesList(request) 0.306 sec
2025-05-25 18:17:57 -  - exec CUpdateClientPartner::ParseServerData
2025-05-25 18:17:57 -  - exec CUpdateClientPartner::__CollectRequestData
2025-05-25 18:17:58 -  - exec CUpdateClientPartner::GetHTTPPage
2025-05-25 18:17:58 -  - exec CUpdateClientPartner::ParseServerData
2025-05-26 18:18:37 -  - exec CUpdateClientPartner::__CollectRequestData
2025-05-26 18:18:37 -  - exec CUpdateClientPartner::GetHTTPPage
2025-05-26 18:18:38 -  - exec CUpdateClientPartner::ParseServerData
2025-05-26 18:18:38 -  - exec CUpdateClientPartner::GetUpdatesList
2025-05-26 18:18:38 -  - exec CUpdateClientPartner::__CollectRequestData
2025-05-26 18:18:38 -  - utf=Y&lang=ru&stable=Y&CANGZIP=Y&SUPD_DBS=MYSQL&XE=N&CLIENT_SITE=task.local&LICENSE_KEY=X&SUPD_STS=1&SUPD_URS=0&TYPENC=D&CLIENT_PHPVER=8.4.1&NGINX=Y&dbv=8.4.4&instm=main%2C25.100.300%2CY%3Babtest%2C24.100.0%2CN%3Badvertising%2C24.100.0%2CN%3Bb24connector%2C24.0.0%2CN%3Bbitrix.eshop%2C24.100.0%2CN%3Bbitrix.sitecorporate%2C24.0.0%2CN%3Bbitrixcloud%2C24.100.0%2CN%3Bbizproc%2C24.900.0%2CN%3Bbizprocdesigner%2C24.700.0%2CN%3Bblog%2C24.300.0%2CN%3Bcalendar%2C24.450.100%2CN%3Bcatalog%2C24.400.100%2CN%3Bclouds%2C25.0.0%2CN%3Bconversion%2C24.0.0%2CN%3Bcurrency%2C24.100.0%2CN%3Bfileman%2C24.500.0%2CN%3Bform%2C24.0.0%2CN%3Bforum%2C25.100.0%2CN%3Bhighloadblock%2C24.100.0%2CN%3Biblock%2C24.300.0%2CN%3Bidea%2C24.100.0%2CN%3Bim%2C25.0.100%2CN%3Blanding%2C24.800.0%2CN%3Blearning%2C24.300.0%2CN%3Blists%2C25.0.0%2CN%3Blocation%2C25.0.0%2CN%3Bmail%2C24.800.300%2CN%3Bmessageservice%2C24.900.0%2CN%3Bmobileapp%2C24.200.0%2CN%3Bnsandrey.emptyinstall%2C1.0.5%2CN%3Bperfmon%2C24.200.0%2CN%3Bphotogallery%2C25.0.0%2CN%3Bpull%2C25.0.50%2CN%3Breport%2C24.100.0%2CN%3Brest%2C25.100.200%2CN%3Bsale%2C24.300.0%2CN%3Bsearch%2C25.0.0%2CN%3Bsecurity%2C24.0.100%2CN%3Bsender%2C24.300.100%2CN%3Bseo%2C24.600.100%2CN%3Bsocialnetwork%2C24.375.300%2CN%3Bsocialservices%2C24.100.100%2CN%3Bstatistic%2C24.100.0%2CN%3Bstoreassist%2C24.0.0%2CN%3Bsubscribe%2C24.0.0%2CN%3Bsupport%2C24.100.0%2CN%3Btranslate%2C24.100.0%2CN%3Bui%2C25.0.0%2CN%3Bvote%2C24.0.100%2CN%3Bwebservice%2C24.100.0%2CN%3Bwiki%2C24.100.0%2CN%3Bworkflow%2C24.100.0%2CN&reqm=bitrix.eshop%2Cbitrix.sitecorporate%2Cnsandrey.emptyinstall&fullmoduleinfo=Y&SUPD_SRS=RU&SUPD_CMP=N
2025-05-26 18:18:38 -  - exec CUpdateClientPartner::GetHTTPPage
2025-05-26 18:18:38 -  - TIME GetUpdatesList(request) 0.324 sec
2025-05-26 18:18:38 -  - exec CUpdateClientPartner::ParseServerData
2025-05-26 18:18:38 -  - exec CUpdateClientPartner::__CollectRequestData
2025-05-26 18:18:38 -  - exec CUpdateClientPartner::GetHTTPPage
2025-05-26 18:18:38 -  - exec CUpdateClientPartner::ParseServerData
2025-05-27 18:52:57 -  - exec CUpdateClientPartner::__CollectRequestData
2025-05-27 18:52:57 -  - exec CUpdateClientPartner::GetHTTPPage
2025-05-27 18:52:58 -  - exec CUpdateClientPartner::ParseServerData
2025-05-27 18:52:58 -  - exec CUpdateClientPartner::GetUpdatesList
2025-05-27 18:52:58 -  - exec CUpdateClientPartner::__CollectRequestData
2025-05-27 18:52:58 -  - utf=Y&lang=ru&stable=Y&CANGZIP=Y&SUPD_DBS=MYSQL&XE=N&CLIENT_SITE=task.local&LICENSE_KEY=X&SUPD_STS=1&SUPD_URS=0&TYPENC=D&CLIENT_PHPVER=8.4.1&NGINX=Y&dbv=8.4.4&instm=main%2C25.100.300%2CY%3Babtest%2C24.100.0%2CN%3Badvertising%2C24.100.0%2CN%3Bb24connector%2C24.0.0%2CN%3Bbitrix.eshop%2C24.100.0%2CN%3Bbitrix.sitecorporate%2C24.0.0%2CN%3Bbitrixcloud%2C24.100.0%2CN%3Bbizproc%2C24.900.0%2CN%3Bbizprocdesigner%2C24.700.0%2CN%3Bblog%2C24.300.0%2CN%3Bcalendar%2C24.450.100%2CN%3Bcatalog%2C24.400.100%2CN%3Bclouds%2C25.0.0%2CN%3Bconversion%2C24.0.0%2CN%3Bcurrency%2C24.100.0%2CN%3Bfileman%2C24.500.0%2CN%3Bform%2C24.0.0%2CN%3Bforum%2C25.100.0%2CN%3Bhighloadblock%2C24.100.0%2CN%3Biblock%2C24.300.0%2CN%3Bidea%2C24.100.0%2CN%3Bim%2C25.0.100%2CN%3Blanding%2C24.800.0%2CN%3Blearning%2C24.300.0%2CN%3Blists%2C25.0.0%2CN%3Blocation%2C25.0.0%2CN%3Bmail%2C24.800.300%2CN%3Bmessageservice%2C24.900.0%2CN%3Bmobileapp%2C24.200.0%2CN%3Bnsandrey.emptyinstall%2C1.0.5%2CN%3Bperfmon%2C24.200.0%2CN%3Bphotogallery%2C25.0.0%2CN%3Bpull%2C25.0.50%2CN%3Breport%2C24.100.0%2CN%3Brest%2C25.100.200%2CN%3Bsale%2C24.300.0%2CN%3Bsearch%2C25.0.0%2CN%3Bsecurity%2C24.0.100%2CN%3Bsender%2C24.300.100%2CN%3Bseo%2C24.600.100%2CN%3Bsocialnetwork%2C24.375.300%2CN%3Bsocialservices%2C24.100.100%2CN%3Bstatistic%2C24.100.0%2CN%3Bstoreassist%2C24.0.0%2CN%3Bsubscribe%2C24.0.0%2CN%3Bsupport%2C24.100.0%2CN%3Btranslate%2C24.100.0%2CN%3Bui%2C25.0.0%2CN%3Bvote%2C24.0.100%2CN%3Bwebservice%2C24.100.0%2CN%3Bwiki%2C24.100.0%2CN%3Bworkflow%2C24.100.0%2CN&reqm=bitrix.eshop%2Cbitrix.sitecorporate%2Cnsandrey.emptyinstall&fullmoduleinfo=Y&SUPD_SRS=RU&SUPD_CMP=N
2025-05-27 18:52:58 -  - exec CUpdateClientPartner::GetHTTPPage
2025-05-27 18:52:58 -  - TIME GetUpdatesList(request) 0.308 sec
2025-05-27 18:52:58 -  - exec CUpdateClientPartner::ParseServerData
2025-05-27 18:52:58 -  - exec CUpdateClientPartner::__CollectRequestData
2025-05-27 18:52:58 -  - exec CUpdateClientPartner::GetHTTPPage
2025-05-27 18:52:58 -  - exec CUpdateClientPartner::ParseServerData
2025-05-28 18:55:51 -  - exec CUpdateClientPartner::__CollectRequestData
2025-05-28 18:55:51 -  - exec CUpdateClientPartner::GetHTTPPage
2025-05-28 18:55:51 -  - exec CUpdateClientPartner::ParseServerData
2025-05-28 18:55:51 -  - exec CUpdateClientPartner::GetUpdatesList
2025-05-28 18:55:51 -  - exec CUpdateClientPartner::__CollectRequestData
2025-05-28 18:55:51 -  - utf=Y&lang=ru&stable=Y&CANGZIP=Y&SUPD_DBS=MYSQL&XE=N&CLIENT_SITE=task.local&LICENSE_KEY=X&SUPD_STS=1&SUPD_URS=0&TYPENC=D&CLIENT_PHPVER=8.4.1&NGINX=Y&dbv=8.4.4&instm=main%2C25.100.300%2CY%3Babtest%2C24.100.0%2CN%3Badvertising%2C24.100.0%2CN%3Bb24connector%2C24.0.0%2CN%3Bbitrix.eshop%2C24.100.0%2CN%3Bbitrix.sitecorporate%2C24.0.0%2CN%3Bbitrixcloud%2C24.100.0%2CN%3Bbizproc%2C24.900.0%2CN%3Bbizprocdesigner%2C24.700.0%2CN%3Bblog%2C24.300.0%2CN%3Bcalendar%2C24.450.100%2CN%3Bcatalog%2C24.400.100%2CN%3Bclouds%2C25.0.0%2CN%3Bconversion%2C24.0.0%2CN%3Bcurrency%2C24.100.0%2CN%3Bfileman%2C24.500.0%2CN%3Bform%2C24.0.0%2CN%3Bforum%2C25.100.0%2CN%3Bhighloadblock%2C24.100.0%2CN%3Biblock%2C24.300.0%2CN%3Bidea%2C24.100.0%2CN%3Bim%2C25.0.100%2CN%3Blanding%2C24.800.0%2CN%3Blearning%2C24.300.0%2CN%3Blists%2C25.0.0%2CN%3Blocation%2C25.0.0%2CN%3Bmail%2C24.800.300%2CN%3Bmessageservice%2C24.900.0%2CN%3Bmobileapp%2C24.200.0%2CN%3Bnsandrey.emptyinstall%2C1.0.5%2CN%3Bperfmon%2C24.200.0%2CN%3Bphotogallery%2C25.0.0%2CN%3Bpull%2C25.0.50%2CN%3Breport%2C24.100.0%2CN%3Brest%2C25.100.200%2CN%3Bsale%2C24.300.0%2CN%3Bsearch%2C25.0.0%2CN%3Bsecurity%2C24.0.100%2CN%3Bsender%2C24.300.100%2CN%3Bseo%2C24.600.100%2CN%3Bsocialnetwork%2C24.375.300%2CN%3Bsocialservices%2C24.100.100%2CN%3Bstatistic%2C24.100.0%2CN%3Bstoreassist%2C24.0.0%2CN%3Bsubscribe%2C24.0.0%2CN%3Bsupport%2C24.100.0%2CN%3Btranslate%2C24.100.0%2CN%3Bui%2C25.0.0%2CN%3Bvote%2C24.0.100%2CN%3Bwebservice%2C24.100.0%2CN%3Bwiki%2C24.100.0%2CN%3Bworkflow%2C24.100.0%2CN&reqm=bitrix.eshop%2Cbitrix.sitecorporate%2Cnsandrey.emptyinstall&fullmoduleinfo=Y&SUPD_SRS=RU&SUPD_CMP=N
2025-05-28 18:55:51 -  - exec CUpdateClientPartner::GetHTTPPage
2025-05-28 18:55:51 -  - TIME GetUpdatesList(request) 0.327 sec
2025-05-28 18:55:51 -  - exec CUpdateClientPartner::ParseServerData
2025-05-28 18:55:51 -  - exec CUpdateClientPartner::__CollectRequestData
2025-05-28 18:55:51 -  - exec CUpdateClientPartner::GetHTTPPage
2025-05-28 18:55:52 -  - exec CUpdateClientPartner::ParseServerData
2025-05-29 21:04:55 -  - exec CUpdateClientPartner::__CollectRequestData
2025-05-29 21:04:55 -  - exec CUpdateClientPartner::GetHTTPPage
2025-05-29 21:04:56 -  - exec CUpdateClientPartner::ParseServerData
2025-05-29 21:04:56 -  - exec CUpdateClientPartner::GetUpdatesList
2025-05-29 21:04:56 -  - exec CUpdateClientPartner::__CollectRequestData
2025-05-29 21:04:56 -  - utf=Y&lang=ru&stable=Y&CANGZIP=Y&SUPD_DBS=MYSQL&XE=N&CLIENT_SITE=task.local&LICENSE_KEY=X&SUPD_STS=1&SUPD_URS=0&TYPENC=D&CLIENT_PHPVER=8.4.1&NGINX=Y&dbv=8.4.4&instm=main%2C25.100.300%2CY%3Babtest%2C24.100.0%2CN%3Badvertising%2C24.100.0%2CN%3Bb24connector%2C24.0.0%2CN%3Bbitrix.eshop%2C24.100.0%2CN%3Bbitrix.sitecorporate%2C24.0.0%2CN%3Bbitrixcloud%2C24.100.0%2CN%3Bbizproc%2C24.900.0%2CN%3Bbizprocdesigner%2C24.700.0%2CN%3Bblog%2C24.300.0%2CN%3Bcalendar%2C24.450.100%2CN%3Bcatalog%2C24.400.100%2CN%3Bclouds%2C25.0.0%2CN%3Bconversion%2C24.0.0%2CN%3Bcurrency%2C24.100.0%2CN%3Bfileman%2C24.500.0%2CN%3Bform%2C24.0.0%2CN%3Bforum%2C25.100.0%2CN%3Bhighloadblock%2C24.100.0%2CN%3Biblock%2C24.300.0%2CN%3Bidea%2C24.100.0%2CN%3Bim%2C25.0.100%2CN%3Blanding%2C24.800.0%2CN%3Blearning%2C24.300.0%2CN%3Blists%2C25.0.0%2CN%3Blocation%2C25.0.0%2CN%3Bmail%2C24.800.300%2CN%3Bmessageservice%2C24.900.0%2CN%3Bmobileapp%2C24.200.0%2CN%3Bnsandrey.emptyinstall%2C1.0.5%2CN%3Bperfmon%2C24.200.0%2CN%3Bphotogallery%2C25.0.0%2CN%3Bpull%2C25.0.50%2CN%3Breport%2C24.100.0%2CN%3Brest%2C25.100.200%2CN%3Bsale%2C24.300.0%2CN%3Bsearch%2C25.0.0%2CN%3Bsecurity%2C24.0.100%2CN%3Bsender%2C24.300.100%2CN%3Bseo%2C24.600.100%2CN%3Bsocialnetwork%2C24.375.300%2CN%3Bsocialservices%2C24.100.100%2CN%3Bstatistic%2C24.100.0%2CN%3Bstoreassist%2C24.0.0%2CN%3Bsubscribe%2C24.0.0%2CN%3Bsupport%2C24.100.0%2CN%3Btranslate%2C24.100.0%2CN%3Bui%2C25.0.0%2CN%3Bvote%2C24.0.100%2CN%3Bwebservice%2C24.100.0%2CN%3Bwiki%2C24.100.0%2CN%3Bworkflow%2C24.100.0%2CN&reqm=bitrix.eshop%2Cbitrix.sitecorporate%2Cnsandrey.emptyinstall&fullmoduleinfo=Y&SUPD_SRS=RU&SUPD_CMP=N
2025-05-29 21:04:56 -  - exec CUpdateClientPartner::GetHTTPPage
2025-05-29 21:04:56 -  - TIME GetUpdatesList(request) 0.341 sec
2025-05-29 21:04:56 -  - exec CUpdateClientPartner::ParseServerData
2025-05-29 21:04:56 -  - exec CUpdateClientPartner::__CollectRequestData
2025-05-29 21:04:56 -  - exec CUpdateClientPartner::GetHTTPPage
2025-05-29 21:04:56 -  - exec CUpdateClientPartner::ParseServerData
